<testsuites id="" name="" tests="1" failures="0" skipped="0" errors="0" time="8.05">
<testsuite name="tests/test.spec.js" timestamp="1611094769187" hostname="" tests="1" failures="0" skipped="0" time="7.683" errors="0">
<testcase name="is a basic test with the page" classname="tests/test.spec.js " time="7.683">
</testcase>
</testsuite>
</testsuites>